<?xml version="1.0" encoding="UTF-8"?>
<!-- Generated by org.testng.reporters.JUnitReportReporter -->
<testsuite hostname="LAPTOP-9F09UV67" failures="0" tests="1" name="com.test.automation.tests.test" time="34.147" errors="0" timestamp="2021-06-03T12:43:30 AEST" skipped="0">
  <testcase classname="com.test.automation.tests.test" name="loginAndLandOnStopWordsPage" time="34.147"/>
  <system-out/>
</testsuite> <!-- com.test.automation.tests.test -->
